Determining if the Fortran sgemm exists failed with the following output:
Change Dir: /home/antoniopucciarelli/Documents/FORTRAN/aeroHS_FORTRAN/CMakeFiles/CMakeTmp

Run Build Command(s):/usr/bin/make cmTC_78b13/fast && /usr/bin/make -f CMakeFiles/cmTC_78b13.dir/build.make CMakeFiles/cmTC_78b13.dir/build
make[1]: Entering directory '/home/antoniopucciarelli/Documents/FORTRAN/aeroHS_FORTRAN/CMakeFiles/CMakeTmp'
Building Fortran object CMakeFiles/cmTC_78b13.dir/testFortranCompiler.f.o
/usr/bin/f95    -c /home/antoniopucciarelli/Documents/FORTRAN/aeroHS_FORTRAN/CMakeFiles/CMakeTmp/testFortranCompiler.f -o CMakeFiles/cmTC_78b13.dir/testFortranCompiler.f.o
Linking Fortran executable cmTC_78b13
/usr/bin/cmake -E cmake_link_script CMakeFiles/cmTC_78b13.dir/link.txt --verbose=1
/usr/bin/f95      CMakeFiles/cmTC_78b13.dir/testFortranCompiler.f.o  -o cmTC_78b13 
/usr/bin/ld: CMakeFiles/cmTC_78b13.dir/testFortranCompiler.f.o: in function `MAIN__':
testFortranCompiler.f:(.text+0xa): undefined reference to `sgemm_'
collect2: error: ld returned 1 exit status
make[1]: *** [CMakeFiles/cmTC_78b13.dir/build.make:87: cmTC_78b13] Error 1
make[1]: Leaving directory '/home/antoniopucciarelli/Documents/FORTRAN/aeroHS_FORTRAN/CMakeFiles/CMakeTmp'
make: *** [Makefile:121: cmTC_78b13/fast] Error 2



Performing C SOURCE FILE Test CMAKE_HAVE_LIBC_PTHREAD failed with the following output:
Change Dir: /home/antoniopucciarelli/Documents/FORTRAN/aeroHS_FORTRAN/CMakeFiles/CMakeTmp

Run Build Command(s):/usr/bin/make cmTC_bb4cf/fast && /usr/bin/make -f CMakeFiles/cmTC_bb4cf.dir/build.make CMakeFiles/cmTC_bb4cf.dir/build
make[1]: Entering directory '/home/antoniopucciarelli/Documents/FORTRAN/aeroHS_FORTRAN/CMakeFiles/CMakeTmp'
Building C object CMakeFiles/cmTC_bb4cf.dir/src.c.o
/usr/bin/cc   -DCMAKE_HAVE_LIBC_PTHREAD   -o CMakeFiles/cmTC_bb4cf.dir/src.c.o   -c /home/antoniopucciarelli/Documents/FORTRAN/aeroHS_FORTRAN/CMakeFiles/CMakeTmp/src.c
Linking C executable cmTC_bb4cf
/usr/bin/cmake -E cmake_link_script CMakeFiles/cmTC_bb4cf.dir/link.txt --verbose=1
/usr/bin/cc  -DCMAKE_HAVE_LIBC_PTHREAD    CMakeFiles/cmTC_bb4cf.dir/src.c.o  -o cmTC_bb4cf 
/usr/bin/ld: CMakeFiles/cmTC_bb4cf.dir/src.c.o: in function `main':
src.c:(.text+0x46): undefined reference to `pthread_create'
/usr/bin/ld: src.c:(.text+0x52): undefined reference to `pthread_detach'
/usr/bin/ld: src.c:(.text+0x63): undefined reference to `pthread_join'
collect2: error: ld returned 1 exit status
make[1]: *** [CMakeFiles/cmTC_bb4cf.dir/build.make:87: cmTC_bb4cf] Error 1
make[1]: Leaving directory '/home/antoniopucciarelli/Documents/FORTRAN/aeroHS_FORTRAN/CMakeFiles/CMakeTmp'
make: *** [Makefile:121: cmTC_bb4cf/fast] Error 2


Source file was:
#include <pthread.h>

void* test_func(void* data)
{
  return data;
}

int main(void)
{
  pthread_t thread;
  pthread_create(&thread, NULL, test_func, NULL);
  pthread_detach(thread);
  pthread_join(thread, NULL);
  pthread_atfork(NULL, NULL, NULL);
  pthread_exit(NULL);

  return 0;
}

Determining if the function pthread_create exists in the pthreads failed with the following output:
Change Dir: /home/antoniopucciarelli/Documents/FORTRAN/aeroHS_FORTRAN/CMakeFiles/CMakeTmp

Run Build Command(s):/usr/bin/make cmTC_c0ba8/fast && /usr/bin/make -f CMakeFiles/cmTC_c0ba8.dir/build.make CMakeFiles/cmTC_c0ba8.dir/build
make[1]: Entering directory '/home/antoniopucciarelli/Documents/FORTRAN/aeroHS_FORTRAN/CMakeFiles/CMakeTmp'
Building C object CMakeFiles/cmTC_c0ba8.dir/CheckFunctionExists.c.o
/usr/bin/cc   -DCHECK_FUNCTION_EXISTS=pthread_create   -o CMakeFiles/cmTC_c0ba8.dir/CheckFunctionExists.c.o   -c /usr/share/cmake-3.16/Modules/CheckFunctionExists.c
Linking C executable cmTC_c0ba8
/usr/bin/cmake -E cmake_link_script CMakeFiles/cmTC_c0ba8.dir/link.txt --verbose=1
/usr/bin/cc  -DCHECK_FUNCTION_EXISTS=pthread_create    CMakeFiles/cmTC_c0ba8.dir/CheckFunctionExists.c.o  -o cmTC_c0ba8  -lpthreads 
/usr/bin/ld: cannot find -lpthreads
collect2: error: ld returned 1 exit status
make[1]: *** [CMakeFiles/cmTC_c0ba8.dir/build.make:87: cmTC_c0ba8] Error 1
make[1]: Leaving directory '/home/antoniopucciarelli/Documents/FORTRAN/aeroHS_FORTRAN/CMakeFiles/CMakeTmp'
make: *** [Makefile:121: cmTC_c0ba8/fast] Error 2



Determining if the Fortran cheev exists failed with the following output:
Change Dir: /home/antoniopucciarelli/Documents/FORTRAN/aeroHS_FORTRAN/CMakeFiles/CMakeTmp

Run Build Command(s):/usr/bin/make cmTC_71508/fast && /usr/bin/make -f CMakeFiles/cmTC_71508.dir/build.make CMakeFiles/cmTC_71508.dir/build
make[1]: Entering directory '/home/antoniopucciarelli/Documents/FORTRAN/aeroHS_FORTRAN/CMakeFiles/CMakeTmp'
Building Fortran object CMakeFiles/cmTC_71508.dir/testFortranCompiler.f.o
/usr/bin/f95    -c /home/antoniopucciarelli/Documents/FORTRAN/aeroHS_FORTRAN/CMakeFiles/CMakeTmp/testFortranCompiler.f -o CMakeFiles/cmTC_71508.dir/testFortranCompiler.f.o
Linking Fortran executable cmTC_71508
/usr/bin/cmake -E cmake_link_script CMakeFiles/cmTC_71508.dir/link.txt --verbose=1
/usr/bin/f95      CMakeFiles/cmTC_71508.dir/testFortranCompiler.f.o  -o cmTC_71508  /usr/local/lib/libblas.a 
/usr/bin/ld: CMakeFiles/cmTC_71508.dir/testFortranCompiler.f.o: in function `MAIN__':
testFortranCompiler.f:(.text+0xa): undefined reference to `cheev_'
collect2: error: ld returned 1 exit status
make[1]: *** [CMakeFiles/cmTC_71508.dir/build.make:88: cmTC_71508] Error 1
make[1]: Leaving directory '/home/antoniopucciarelli/Documents/FORTRAN/aeroHS_FORTRAN/CMakeFiles/CMakeTmp'
make: *** [Makefile:121: cmTC_71508/fast] Error 2



